{"level":"info","message":"test","timestamp":"2017-09-18T00:35:58.192Z"}
{"level":"info","message":"test","timestamp":"2017-09-18T00:41:02.350Z"}
{"level":"info","message":"Job ID: By3ozmCq- Data: {\"url\":\"http://heather.cs.ucdavis.edu/~matloff/50/LinuxAssembly.html\"}","timestamp":"2017-09-19T04:52:51.642Z"}
{"level":"info","message":"Job ID: r1x0M7R5b Data: {\"url\":\"https://github.com/traceglMPL/tracegl\"}","timestamp":"2017-09-19T04:53:28.343Z"}
{"level":"info","message":"Job ID: Hy9EXXC9b Data: {\"url\":\"https://github.com/traceglMPL/tracegl\"}","timestamp":"2017-09-19T04:55:13.696Z"}
{"level":"info","message":"Job ID: SyadXVAq- Data: {\"url\":\"https://github.com/traceglMPL/tracegl\"}","timestamp":"2017-09-19T06:04:37.508Z"}
{"status":"completed","job":{"id":"Hy9EXXC9b","name":"__default__","data":{"url":"https://github.com/traceglMPL/tracegl"},"opts":{"jobId":"Hy9EXXC9b","attempts":1,"delay":0,"timestamp":1505796913682},"progress":0,"delay":0,"timestamp":1505796913682,"attemptsMade":0,"stacktrace":[],"returnvalue":{"url":"https://github.com/traceglMPL/tracegl","dataLength":"56.6 KB","links":[]},"finishedOn":null,"processedOn":1505801499092},"result":{"url":"https://github.com/traceglMPL/tracegl","dataLength":"56.6 KB","links":[]},"level":"info","message":"Received message","timestamp":"2017-09-19T06:11:46.947Z"}
{"status":"completed","job":{"id":"Hy9EXXC9b","name":"__default__","data":{"url":"https://github.com/traceglMPL/tracegl"},"opts":{"jobId":"Hy9EXXC9b","attempts":1,"delay":0,"timestamp":1505796913682},"progress":0,"delay":0,"timestamp":1505796913682,"attemptsMade":0,"stacktrace":[],"returnvalue":{"url":"https://github.com/traceglMPL/tracegl","dataLength":"56.6 KB","links":[]},"finishedOn":null,"processedOn":1505801499092},"result":{"url":"https://github.com/traceglMPL/tracegl","dataLength":"56.6 KB","links":[]},"level":"info","message":"Received message","timestamp":"2017-09-20T05:37:23.247Z"}
{"level":"info","message":"Job ID: rkrA0uyiZ Data: {\"url\":\"https://www.virag.si/2015/06/encoding-videos-for-youtube-with-ffmpeg/\"}","timestamp":"2017-09-20T05:38:21.070Z"}
{"level":"info","message":"Job ID: S18myYJj- Data: {\"url\":\"https://www.virag.si/2015/06/encoding-videos-for-youtube-with-ffmpeg/\"}","timestamp":"2017-09-20T05:39:41.870Z"}
{"level":"info","message":"Job ID: H1kEbtksZ Data: {\"url\":\"https://www.virag.si/2015/06/encoding-videos-for-youtube-with-ffmpeg/\"}","timestamp":"2017-09-20T05:48:23.503Z"}
{"level":"info","message":"Job ID: BJHQMFyoZ Data: {\"url\":\"https://www.virag.si/2015/06/encoding-videos-for-youtube-with-ffmpeg/\"}","timestamp":"2017-09-20T05:52:29.511Z"}
{"level":"info","message":"Job ID: HJ-OfYksb Data: {\"url\":\"https://www.virag.si/2015/06/encoding-videos-for-youtube-with-ffmpeg/\"}","timestamp":"2017-09-20T05:53:44.828Z"}
{"level":"info","message":"Job ID: rk6jMtko- Data: {\"url\":\"https://www.virag.si/2015/06/encoding-videos-for-youtube-with-ffmpeg/\"}","timestamp":"2017-09-20T05:54:44.769Z"}
{"level":"info","message":"Job ID: Sk0rQYyi- Data: {\"url\":\"https://www.virag.si/2015/06/encoding-videos-for-youtube-with-ffmpeg/\"}","timestamp":"2017-09-20T05:57:25.925Z"}
{"level":"info","message":"Job ID: SkwcmF1sZ Data: {\"url\":\"https://www.virag.si/2015/06/encoding-videos-for-youtube-with-ffmpeg/\"}","timestamp":"2017-09-20T05:58:38.994Z"}
{"level":"info","message":"Job ID: B1fT7YJo- Data: {\"url\":\"https://www.virag.si/2015/06/encoding-videos-for-youtube-with-ffmpeg/\"}","timestamp":"2017-09-20T05:59:21.652Z"}
{"level":"info","message":"Job ID: BkcP8tJsZ Data: {\"url\":\"https://www.virag.si/2015/06/encoding-videos-for-youtube-with-ffmpeg/\"}","timestamp":"2017-09-20T06:10:42.187Z"}
{"level":"info","message":"Job ID: SyJVDt1jZ Data: {\"url\":\"https://www.virag.si/2015/06/encoding-videos-for-youtube-with-ffmpeg/\"}","timestamp":"2017-09-20T06:13:58.798Z"}
{"level":"info","message":"Job ID: rk2sQIQi- Data: {\"url\":\"https://www.virag.si/2015/06/encoding-videos-for-youtube-with-ffmpeg/\"}","timestamp":"2017-09-23T03:23:16.365Z"}
{"level":"info","message":"Job ID: HkkJNUms- Data: {\"url\":\"https://www.virag.si/2015/06/encoding-videos-for-youtube-with-ffmpeg/\"}","timestamp":"2017-09-23T03:24:06.560Z"}
{"level":"info","message":"Job ID: ByAtEIXoZ Data: {\"url\":\"https://www.virag.si/2015/06/encoding-videos-for-youtube-with-ffmpeg/\"}","timestamp":"2017-09-23T03:27:01.865Z"}
{"level":"info","message":"Job ID: SJuZw8Xs- Data: {\"url\":\"https://www.virag.si/2015/06/encoding-videos-for-youtube-with-ffmpeg/\"}","timestamp":"2017-09-23T03:37:36.137Z"}
{"level":"info","message":"Job ID: r1qFFUmiZ Data: {\"url\":\"https://www.virag.si/2015/06/encoding-videos-for-youtube-with-ffmpeg/\"}","timestamp":"2017-09-23T03:48:18.519Z"}
{"level":"info","message":"Job ID: ryihY8Xj- Data: {\"url\":\"https://www.virag.si/2015/06/encoding-videos-for-youtube-with-ffmpeg/\"}","timestamp":"2017-09-23T03:49:07.479Z"}
{"level":"info","message":"Job ID: BJSAcLXib Data: {\"url\":\"https://www.virag.si/2015/06/encoding-videos-for-youtube-with-ffmpeg/\"}","timestamp":"2017-09-23T03:53:48.629Z"}
{"level":"info","message":"Job ID: BJDQj8QjZ Data: {\"url\":\"https://www.virag.si/2015/06/encoding-videos-for-youtube-with-ffmpeg/\"}","timestamp":"2017-09-23T03:55:10.567Z"}
{"level":"info","message":"Job ID: r1QynLQo- Data: {\"url\":\"https://www.virag.si/2015/06/encoding-videos-for-youtube-with-ffmpeg/\"}","timestamp":"2017-09-23T03:58:18.862Z"}
{"level":"info","message":"Job ID: Byw4nI7j- Data: {\"url\":\"https://www.virag.si/2015/06/encoding-videos-for-youtube-with-ffmpeg/\"}","timestamp":"2017-09-23T03:59:43.133Z"}
{"level":"info","message":"Job ID: Sk6B38XoZ Data: {\"url\":\"https://github.com/traceglMPL/tracegl\"}","timestamp":"2017-09-23T04:00:05.474Z"}
{"level":"info","message":"Job ID: SkdnhIXj- Data: {\"url\":\"https://github.com/traceglMPL/tracegl\"}","timestamp":"2017-09-23T04:01:52.085Z"}
{"level":"info","message":"Job ID: rJI-a8Xj- Data: {\"url\":\"https://github.com/traceglMPL/tracegl\"}","timestamp":"2017-09-23T04:03:09.846Z"}
{"level":"info","message":"Job ID: Syq66L7sZ Data: {\"url\":\"https://github.com/traceglMPL/tracegl\"}","timestamp":"2017-09-23T04:06:26.195Z"}
{"level":"info","message":"Job ID: H1ZWbvXsW Data: {\"url\":\"https://github.com/traceglMPL/tracegl\"}","timestamp":"2017-09-23T04:20:09.308Z"}
{"level":"info","message":"Job ID: SkRQ-DXjb Data: {\"url\":\"https://developer.mozilla.org/en-US/docs/Web/JavaScript/Reference/Global_Objects/Array/includes\"}","timestamp":"2017-09-23T04:20:54.127Z"}
{"level":"info","message":"Job ID: ryRNbvXo- Data: {\"url\":\"https://developer.mozilla.org/en-US/docs/Web/JavaScript/Reference/Global_Objects/Array/includes\"}","timestamp":"2017-09-23T04:21:09.827Z"}
{"level":"info","message":"Job ID: SJnIGwXj- Data: {\"url\":\"https://developer.mozilla.org/en-US/docs/Web/JavaScript/Reference/Global_Objects/Array/includes\"}","timestamp":"2017-09-23T04:25:55.758Z"}
{"level":"info","message":"Job ID: SJaDfDQjb Data: {\"url\":\"https://developer.mozilla.org/en-US/docs/Web/JavaScript/Reference/Global_Objects/Array/includes\"}","timestamp":"2017-09-23T04:26:13.075Z"}
{"level":"info","message":"Job ID: HyQjGwQob Data: {\"url\":\"https://github.com/traceglMPL/tracegl\"}","timestamp":"2017-09-23T04:27:07.166Z"}
{"level":"info","message":"Job ID: HJg3zv7sb Data: {\"url\":\"https://github.com/traceglMPL/tracegl\"}","timestamp":"2017-09-23T04:27:19.983Z"}
{"level":"info","message":"Job ID: r1QdVvXiW Data: {\"url\":\"https://github.com/traceglMPL/tracegl\"}","timestamp":"2017-09-23T04:34:51.243Z"}
{"status":"completed","job":{"id":"r1x0M7R5b","name":"__default__","data":{"url":"https://github.com/traceglMPL/tracegl"},"opts":{"jobId":"r1x0M7R5b","attempts":1,"delay":0,"timestamp":1505796808338},"progress":0,"delay":0,"timestamp":1505796808338,"attemptsMade":0,"stacktrace":[],"returnvalue":{"url":"https://github.com/traceglMPL/tracegl","dataLength":"56.6 KB","links":[]},"finishedOn":null,"processedOn":1505801502664},"result":{"url":"https://github.com/traceglMPL/tracegl","dataLength":"56.6 KB","links":[]},"level":"info","message":"Received message","timestamp":"2017-09-23T06:18:33.132Z"}
{"level":"info","message":"Job ID: rJp16Oms- Data: {\"url\":\"https://github.com/traceglMPL/tracegl\"}","timestamp":"2017-09-23T06:19:16.848Z"}
{"level":"info","message":"Job ID: S1MuTOmjZ Data: {\"url\":\"http://wingolog.org/archives/2013/05/08/generators-in-v8\"}","timestamp":"2017-09-23T06:21:30.111Z"}
{"status":"completed","job":{"id":"r1x0M7R5b","name":"__default__","data":{"url":"https://github.com/traceglMPL/tracegl"},"opts":{"jobId":"r1x0M7R5b","attempts":1,"delay":0,"timestamp":1505796808338},"progress":0,"delay":0,"timestamp":1505796808338,"attemptsMade":0,"stacktrace":[],"returnvalue":{"url":"https://github.com/traceglMPL/tracegl","dataLength":"56.6 KB","links":[]},"finishedOn":null,"processedOn":1505801502664},"result":{"url":"https://github.com/traceglMPL/tracegl","dataLength":"56.6 KB","links":[]},"level":"info","message":"Received message","timestamp":"2017-09-23T07:48:13.280Z"}
{"level":"info","message":"Job ID: H1EyM9moW Data: {\"url\":\"http://wingolog.org/archives/2013/05/08/generators-in-v8\"}","timestamp":"2017-09-23T07:48:44.422Z"}
{"level":"info","message":"Job ID: HJqzfcms- Data: {\"url\":\"http://wingolog.org/archives/2013/05/08/generators-in-v8\"}","timestamp":"2017-09-23T07:49:38.075Z"}
{"opts":{"attempts":1,"delay":0,"timestamp":1505801508072},"name":"__default__","queue":{"name":"Result Queue","token":"9c9c188a-d768-47f8-aaca-e4a230531349","keyPrefix":"bull","_initializing":{"_bitField":167772160},"handlers":{},"processing":[{"_bitField":1,"_promise0":{"_bitField":0},"_receiver0":{}}],"retrieving":0,"settings":{"lockDuration":30000,"stalledInterval":30000,"maxStalledCount":1,"guardInterval":5000,"retryProcessDelay":5000,"drainDelay":2000,"lockRenewTime":15000},"_events":{},"_eventsCount":4,"timers":{"idle":false,"listeners":[],"timers":{"64a40f5f-05cf-43be-b3d3-3bf2e3bb5f9a":{"name":"lockExtender","created":1506153035846,"timer":{"_called":false,"_idleTimeout":15000,"_idlePrev":{"_idleNext":{"$ref":"$[\"queue\"][\"timers\"][\"timers\"][\"64a40f5f-05cf-43be-b3d3-3bf2e3bb5f9a\"][\"timer\"]"},"_idlePrev":{"$ref":"$[\"queue\"][\"timers\"][\"timers\"][\"64a40f5f-05cf-43be-b3d3-3bf2e3bb5f9a\"][\"timer\"]"},"_timer":{"_list":{"$ref":"$[\"queue\"][\"timers\"][\"timers\"][\"64a40f5f-05cf-43be-b3d3-3bf2e3bb5f9a\"][\"timer\"][\"_idlePrev\"]"}},"_unrefed":false,"msecs":15000,"nextTick":false},"_idleNext":{"$ref":"$[\"queue\"][\"timers\"][\"timers\"][\"64a40f5f-05cf-43be-b3d3-3bf2e3bb5f9a\"][\"timer\"][\"_idlePrev\"]"},"_idleStart":2171,"_timerArgs":[{"$ref":"$[\"queue\"][\"timers\"]"},"64a40f5f-05cf-43be-b3d3-3bf2e3bb5f9a"],"_repeat":null,"_destroyed":false}}}},"delayedTimestamp":1.7976931348623157e+308,"_initializingProcess":{"_bitField":33554432},"errorRetryTimer":{},"registeredEvents":{"delayed":{"_bitField":33554432,"_rejectionHandler0":1},"added":{"_bitField":33554432,"_rejectionHandler0":2},"resumed":{"_bitField":33554432,"_rejectionHandler0":3}},"guardianTimer":{"_called":false,"_idleTimeout":5000,"_idlePrev":{"_idleNext":{"$ref":"$[\"queue\"][\"guardianTimer\"]"},"_idlePrev":{"_called":false,"_idleTimeout":5000,"_idlePrev":{"$ref":"$[\"queue\"][\"guardianTimer\"]"},"_idleNext":{"$ref":"$[\"queue\"][\"guardianTimer\"][\"_idlePrev\"]"},"_idleStart":2149,"_repeat":null,"_destroyed":false},"_timer":{"_list":{"$ref":"$[\"queue\"][\"guardianTimer\"][\"_idlePrev\"]"}},"_unrefed":false,"msecs":5000,"nextTick":false},"_idleNext":{"$ref":"$[\"queue\"][\"guardianTimer\"][\"_idlePrev\"][\"_idlePrev\"]"},"_idleStart":2166,"_repeat":5000,"_destroyed":false},"moveUnlockedJobsToWaitInterval":{"_called":false,"_idleTimeout":30000,"_idlePrev":{"_idleNext":{"$ref":"$[\"queue\"][\"moveUnlockedJobsToWaitInterval\"]"},"_idlePrev":{"$ref":"$[\"queue\"][\"moveUnlockedJobsToWaitInterval\"]"},"_timer":{"_list":{"$ref":"$[\"queue\"][\"moveUnlockedJobsToWaitInterval\"][\"_idlePrev\"]"}},"_unrefed":false,"msecs":30000,"nextTick":false},"_idleNext":{"$ref":"$[\"queue\"][\"moveUnlockedJobsToWaitInterval\"][\"_idlePrev\"]"},"_idleStart":2168,"_repeat":30000,"_destroyed":false}},"data":{"status":"completed","job":{"id":"By3ozmCq-","name":"__default__","data":{"url":"http://heather.cs.ucdavis.edu/~matloff/50/LinuxAssembly.html"},"opts":{"jobId":"By3ozmCq-","attempts":1,"delay":0,"timestamp":1505796771615},"progress":0,"delay":0,"timestamp":1505796771615,"attemptsMade":0,"stacktrace":[],"returnvalue":{"url":"http://heather.cs.ucdavis.edu/~matloff/50/LinuxAssembly.html","dataLength":"27.2 KB","links":[]},"finishedOn":null,"processedOn":1505801504862},"result":{"url":"http://heather.cs.ucdavis.edu/~matloff/50/LinuxAssembly.html","dataLength":"27.2 KB","links":[]}},"_progress":0,"delay":0,"timestamp":"2017-09-23T07:50:35.853Z","stacktrace":[],"returnvalue":null,"attemptsMade":0,"id":"10","processedOn":1506153035844,"level":"info","message":"Received message"}
{"level":"info","message":"Job ID: S1PUz9mjW Data: {\"url\":\"http://wingolog.org/archives/2013/05/08/generators-in-v8\"}","timestamp":"2017-09-23T07:50:39.512Z"}
{"status":"failed","job":{"id":"SyadXVAq-","name":"__default__","data":{"url":"https://github.com/traceglMPL/tracegl"},"opts":{"jobId":"SyadXVAq-","attempts":1,"delay":0,"timestamp":1505801077481},"progress":0,"delay":0,"timestamp":1505801077481,"attemptsMade":0,"failedReason":"job stalled more than allowable limit","stacktrace":[],"returnvalue":null,"finishedOn":null,"processedOn":1505801453873},"error":{},"level":"info","message":"Received message","timestamp":"2017-09-23T07:52:47.264Z"}
{"url":"http://heather.cs.ucdavis.edu/~matloff/50/LinuxAssembly.html","dataLength":"27.2 KB","links":[],"level":"info","message":"Received message","timestamp":"2017-09-23T07:55:21.915Z"}
{"level":"info","message":"Received message","timestamp":"2017-09-23T07:55:32.361Z"}
{"level":"info","message":"Job ID: S1Gi7qXjW Data: {\"url\":\"http://wingolog.org/archives/2013/05/08/generators-in-v8\"}","timestamp":"2017-09-23T07:56:10.468Z"}
{"level":"info","message":"Job ID: Syu3X9Xi- Data: {\"url\":\"http://wingolog.org/archives/2013/05/08/generators-in-v8\"}","timestamp":"2017-09-23T07:56:31.801Z"}
{"level":"info","message":"Job ID: r1g_2mcXjW Data: {\"url\":\"http://wingolog.org/archives/2013/05/08/generators-in-v8\"}","timestamp":"2017-09-23T07:56:32.360Z"}
{"level":"info","message":"Received message","timestamp":"2017-09-23T07:58:15.176Z"}
{"level":"info","message":"Received message","timestamp":"2017-09-23T07:58:15.187Z"}
{"url":"https://www.virag.si/2015/06/encoding-videos-for-youtube-with-ffmpeg/","dataLength":"10.1 KB","links":[],"level":"info","message":"Received message","timestamp":"2017-09-23T07:58:15.190Z"}
{"url":"https://www.virag.si/2015/06/encoding-videos-for-youtube-with-ffmpeg/","dataLength":"10.1 KB","links":[],"level":"info","message":"Received message","timestamp":"2017-09-23T07:58:15.198Z"}
{"url":"https://www.virag.si/2015/06/encoding-videos-for-youtube-with-ffmpeg/","dataLength":"10.1 KB","links":[],"level":"info","message":"Received message","timestamp":"2017-09-23T07:58:15.202Z"}
{"url":"https://www.virag.si/2015/06/encoding-videos-for-youtube-with-ffmpeg/","dataLength":"10.1 KB","links":[],"level":"info","message":"Received message","timestamp":"2017-09-23T07:58:15.210Z"}
{"url":"https://www.virag.si/2015/06/encoding-videos-for-youtube-with-ffmpeg/","dataLength":"10.1 KB","links":[],"level":"info","message":"Received message","timestamp":"2017-09-23T07:58:15.216Z"}
{"url":"https://www.virag.si/2015/06/encoding-videos-for-youtube-with-ffmpeg/","dataLength":"10.1 KB","links":[],"level":"info","message":"Received message","timestamp":"2017-09-23T07:58:15.222Z"}
{"url":"https://www.virag.si/2015/06/encoding-videos-for-youtube-with-ffmpeg/","dataLength":"10.1 KB","links":[],"level":"info","message":"Received message","timestamp":"2017-09-23T07:58:15.227Z"}
{"level":"info","message":"Received message","timestamp":"2017-09-23T07:58:15.229Z"}
{"level":"info","message":"Received message","timestamp":"2017-09-23T07:58:15.231Z"}
{"level":"info","message":"Received message","timestamp":"2017-09-23T07:58:15.233Z"}
{"level":"info","message":"Received message","timestamp":"2017-09-23T07:58:15.239Z"}
{"level":"info","message":"Received message","timestamp":"2017-09-23T07:58:15.241Z"}
{"level":"info","message":"Received message","timestamp":"2017-09-23T07:58:15.243Z"}
{"url":"https://www.virag.si/2015/06/encoding-videos-for-youtube-with-ffmpeg/","dataLength":"10.1 KB","validLinks":[],"links":null,"level":"info","message":"Received message","timestamp":"2017-09-23T07:58:15.246Z"}
{"url":"https://www.virag.si/2015/06/encoding-videos-for-youtube-with-ffmpeg/","dataLength":"10.1 KB","validLinks":[],"links":null,"level":"info","message":"Received message","timestamp":"2017-09-23T07:58:15.252Z"}
{"url":"https://www.virag.si/2015/06/encoding-videos-for-youtube-with-ffmpeg/","dataLength":"10.1 KB","validLinks":[],"links":null,"level":"info","message":"Received message","timestamp":"2017-09-23T07:58:15.257Z"}
{"level":"info","message":"Received message","timestamp":"2017-09-23T07:58:15.259Z"}
{"level":"info","message":"Received message","timestamp":"2017-09-23T07:58:15.261Z"}
{"level":"info","message":"Received message","timestamp":"2017-09-23T07:58:15.266Z"}
{"url":"https://github.com/traceglMPL/tracegl","dataLength":"56.5 KB","validLinks":[],"links":null,"level":"info","message":"Received message","timestamp":"2017-09-23T07:58:15.270Z"}
{"url":"https://github.com/traceglMPL/tracegl","dataLength":"56.5 KB","validLinks":[],"links":null,"level":"info","message":"Received message","timestamp":"2017-09-23T07:58:15.273Z"}
{"url":"https://developer.mozilla.org/en-US/docs/Web/JavaScript/Reference/Global_Objects/Array/includes","dataLength":"68.3 KB","validLinks":["https://support.mozilla.org/","https://stackoverflow.com/","https://bugzilla.mozilla.org/form.doc?bug_file_loc=https%3A//developer.mozilla.org/en-US/docs/Web/JavaScript/Reference/Global_Objects/Array/includes","https://bugzilla.mozilla.org/form.mdn","http://www.ecma-international.org/ecma-262/7.0/#sec-array.prototype.includes","https://tc39.github.io/ecma262/#sec-array.prototype.includes","https://github.com/mdn/browser-compat-data","https://www.mozilla.org/privacy/","https://twitter.com/mozdevnet","https://github.com/mdn/","https://mozilla.org","https://www.mozilla.org/about/","https://www.mozilla.org/contact/","https://donate.mozilla.org/?utm_source=developer.mozilla.org&utm_medium=referral&utm_content=footer","https://www.mozilla.org/firefox/?utm_source=developer.mozilla.org&utm_campaign=footer&utm_medium=referral","https://twitter.com/mozilla","https://www.facebook.com/mozilla","https://www.mozilla.org/about/legal/terms/mozilla","https://www.mozilla.org/privacy/websites/","https://www.mozilla.org/privacy/websites/#cookies"],"links":["https://support.mozilla.org/","https://stackoverflow.com/","https://bugzilla.mozilla.org/form.doc?bug_file_loc=https%3A//developer.mozilla.org/en-US/docs/Web/JavaScript/Reference/Global_Objects/Array/includes","https://bugzilla.mozilla.org/form.mdn","http://www.ecma-international.org/ecma-262/7.0/#sec-array.prototype.includes","https://tc39.github.io/ecma262/#sec-array.prototype.includes","https://github.com/mdn/browser-compat-data","https://www.mozilla.org/privacy/","https://twitter.com/mozdevnet","https://github.com/mdn/","https://mozilla.org","https://www.mozilla.org/about/","https://www.mozilla.org/contact/","https://donate.mozilla.org/?utm_source=developer.mozilla.org&utm_medium=referral&utm_content=footer","https://www.mozilla.org/firefox/?utm_source=developer.mozilla.org&utm_campaign=footer&utm_medium=referral","https://twitter.com/mozilla","https://www.facebook.com/mozilla","https://www.mozilla.org/about/legal/terms/mozilla","https://www.mozilla.org/privacy/websites/","https://www.mozilla.org/privacy/websites/#cookies"],"level":"info","message":"Received message","timestamp":"2017-09-23T07:58:15.279Z"}
{"url":"https://developer.mozilla.org/en-US/docs/Web/JavaScript/Reference/Global_Objects/Array/includes","dataLength":"68.3 KB","validLinks":["https://support.mozilla.org/","https://stackoverflow.com/","https://bugzilla.mozilla.org/form.doc?bug_file_loc=https%3A//developer.mozilla.org/en-US/docs/Web/JavaScript/Reference/Global_Objects/Array/includes","https://bugzilla.mozilla.org/form.mdn","http://www.ecma-international.org/ecma-262/7.0/#sec-array.prototype.includes","https://tc39.github.io/ecma262/#sec-array.prototype.includes","https://github.com/mdn/browser-compat-data","https://www.mozilla.org/privacy/","https://twitter.com/mozdevnet","https://github.com/mdn/","https://mozilla.org","https://www.mozilla.org/about/","https://www.mozilla.org/contact/","https://donate.mozilla.org/?utm_source=developer.mozilla.org&utm_medium=referral&utm_content=footer","https://www.mozilla.org/firefox/?utm_source=developer.mozilla.org&utm_campaign=footer&utm_medium=referral","https://twitter.com/mozilla","https://www.facebook.com/mozilla","https://www.mozilla.org/about/legal/terms/mozilla","https://www.mozilla.org/privacy/websites/","https://www.mozilla.org/privacy/websites/#cookies"],"links":["https://support.mozilla.org/","https://stackoverflow.com/","https://bugzilla.mozilla.org/form.doc?bug_file_loc=https%3A//developer.mozilla.org/en-US/docs/Web/JavaScript/Reference/Global_Objects/Array/includes","https://bugzilla.mozilla.org/form.mdn","http://www.ecma-international.org/ecma-262/7.0/#sec-array.prototype.includes","https://tc39.github.io/ecma262/#sec-array.prototype.includes","https://github.com/mdn/browser-compat-data","https://www.mozilla.org/privacy/","https://twitter.com/mozdevnet","https://github.com/mdn/","https://mozilla.org","https://www.mozilla.org/about/","https://www.mozilla.org/contact/","https://donate.mozilla.org/?utm_source=developer.mozilla.org&utm_medium=referral&utm_content=footer","https://www.mozilla.org/firefox/?utm_source=developer.mozilla.org&utm_campaign=footer&utm_medium=referral","https://twitter.com/mozilla","https://www.facebook.com/mozilla","https://www.mozilla.org/about/legal/terms/mozilla","https://www.mozilla.org/privacy/websites/","https://www.mozilla.org/privacy/websites/#cookies"],"level":"info","message":"Received message","timestamp":"2017-09-23T07:58:15.285Z"}
{"url":"https://developer.mozilla.org/en-US/docs/Web/JavaScript/Reference/Global_Objects/Array/includes","dataLength":"68.3 KB","validLinks":[],"links":null,"level":"info","message":"Received message","timestamp":"2017-09-23T07:58:15.289Z"}
{"url":"https://developer.mozilla.org/en-US/docs/Web/JavaScript/Reference/Global_Objects/Array/includes","dataLength":"68.3 KB","validLinks":[],"links":null,"level":"info","message":"Received message","timestamp":"2017-09-23T07:58:15.292Z"}
{"url":"https://github.com/traceglMPL/tracegl","dataLength":"56.5 KB","validLinks":["https://github.com/","https://help.github.com/articles/which-remote-url-should-i-use","https://github.com/site/terms","https://github.com/site/privacy","https://github.com/security","https://status.github.com/","https://help.github.com","https://github.com","https://github.com/contact","https://developer.github.com","https://training.github.com","https://github.com/blog","https://github.com/about"],"links":["https://github.com/","https://help.github.com/articles/which-remote-url-should-i-use","https://github.com/site/terms","https://github.com/site/privacy","https://github.com/security","https://status.github.com/","https://help.github.com","https://github.com","https://github.com/contact","https://developer.github.com","https://training.github.com","https://github.com/blog","https://github.com/about"],"level":"info","message":"Received message","timestamp":"2017-09-23T07:58:15.294Z"}
{"url":"https://github.com/traceglMPL/tracegl","dataLength":"56.5 KB","validLinks":["https://github.com/","https://help.github.com/articles/which-remote-url-should-i-use","https://github.com/site/terms","https://github.com/site/privacy","https://github.com/security","https://status.github.com/","https://help.github.com","https://github.com","https://github.com/contact","https://developer.github.com","https://training.github.com","https://github.com/blog","https://github.com/about"],"links":["https://github.com/","https://help.github.com/articles/which-remote-url-should-i-use","https://github.com/site/terms","https://github.com/site/privacy","https://github.com/security","https://status.github.com/","https://help.github.com","https://github.com","https://github.com/contact","https://developer.github.com","https://training.github.com","https://github.com/blog","https://github.com/about"],"level":"info","message":"Received message","timestamp":"2017-09-23T07:58:15.297Z"}
{"url":"https://github.com/traceglMPL/tracegl","dataLength":"56.5 KB","validLinks":["https://github.com/","https://help.github.com/articles/which-remote-url-should-i-use","https://github.com/site/terms","https://github.com/site/privacy","https://github.com/security","https://status.github.com/","https://help.github.com","https://github.com","https://github.com/contact","https://developer.github.com","https://training.github.com","https://github.com/blog","https://github.com/about"],"links":["https://github.com/","https://help.github.com/articles/which-remote-url-should-i-use","https://github.com/site/terms","https://github.com/site/privacy","https://github.com/security","https://status.github.com/","https://help.github.com","https://github.com","https://github.com/contact","https://developer.github.com","https://training.github.com","https://github.com/blog","https://github.com/about"],"level":"info","message":"Received message","timestamp":"2017-09-23T07:58:15.300Z"}
{"url":"https://github.com/traceglMPL/tracegl","dataLength":"56.5 KB","validLinks":[],"links":null,"level":"info","message":"Received message","timestamp":"2017-09-23T07:58:15.301Z"}
{"level":"info","message":"Received message","timestamp":"2017-09-23T07:58:15.302Z"}
{"level":"info","message":"Received message","timestamp":"2017-09-23T07:58:15.303Z"}
{"testRunTime":1110,"level":"info","message":"Received message","timestamp":"2017-09-23T07:58:15.305Z"}
{"testRunTime":1056,"level":"info","message":"Received message","timestamp":"2017-09-23T07:58:15.307Z"}
{"testRunTime":901,"level":"info","message":"Received message","timestamp":"2017-09-23T07:58:15.308Z"}
{"testRunTime":904,"level":"info","message":"Received message","timestamp":"2017-09-23T07:58:15.311Z"}
{"testRunTime":905,"level":"info","message":"Received message","timestamp":"2017-09-23T07:58:15.312Z"}
{"level":"info","message":"Job ID: Hyj7E9mj- Data: {\"url\":\"http://wingolog.org/archives/2013/05/08/generators-in-v8\"}","timestamp":"2017-09-23T07:58:26.954Z"}
{"level":"info","message":"Job ID: rkxom4c7i- Data: {\"url\":\"http://wingolog.org/archives/2013/05/08/generators-in-v8\"}","timestamp":"2017-09-23T07:58:26.954Z"}
{"level":"info","message":"Job ID: BybiXNcQo- Data: {\"url\":\"http://wingolog.org/archives/2013/05/08/generators-in-v8\"}","timestamp":"2017-09-23T07:58:27.274Z"}
{"testRunTime":1537,"level":"info","message":"Received message","timestamp":"2017-09-23T07:58:30.173Z"}
{"testRunTime":856,"level":"info","message":"Received message","timestamp":"2017-09-23T07:58:30.175Z"}
{"testRunTime":885,"level":"info","message":"Received message","timestamp":"2017-09-23T07:58:35.183Z"}
{"level":"info","message":"Received message","timestamp":"2017-09-23T07:58:45.179Z"}
{"level":"info","message":"Job ID: rJoPV5ms- Data: {\"url\":\"http://wingolog.org/archives/2013/05/08/generators-in-v8\"}","timestamp":"2017-09-23T07:59:30.743Z"}
{"level":"info","message":"Job ID: rkljv4cXsZ Data: {\"url\":\"http://wingolog.org/archives/2013/05/08/generators-in-v8\"}","timestamp":"2017-09-23T07:59:31.140Z"}
{"testRunTime":988,"level":"info","message":"Received message","timestamp":"2017-09-23T07:59:35.219Z"}
{"testRunTime":967,"level":"info","message":"Received message","timestamp":"2017-09-23T07:59:35.222Z"}
{"level":"info","message":"Job ID: HJ4R4cQjZ Data: {\"url\":\"http://wingolog.org/archives/2013/05/08/generators-in-v8\"}","timestamp":"2017-09-23T08:01:15.797Z"}
{"level":"info","message":"Job ID: BkxVCE9mi- Data: {\"url\":\"http://wingolog.org/archives/2013/05/08/generators-in-v8\"}","timestamp":"2017-09-23T08:01:16.508Z"}
{"level":"info","message":"Received message 0.941","timestamp":"2017-09-23T08:01:20.855Z"}
{"level":"info","message":"Received message 0.9","timestamp":"2017-09-23T08:01:20.859Z"}
{"level":"info","message":"Job ID: SJBdHqQib Data: {\"url\":\"http://wingolog.org/archives/2013/05/08/generators-in-v8\"}","timestamp":"2017-09-23T08:03:56.558Z"}
{"level":"info","message":"Job ID: BJeSuSqQsW Data: {\"url\":\"http://wingolog.org/archives/2013/05/08/generators-in-v8\"}","timestamp":"2017-09-23T08:03:57.167Z"}
{"level":"info","message":"Received message 6","timestamp":"2017-09-23T08:04:02.593Z"}
{"level":"info","message":"Received message 6","timestamp":"2017-09-23T08:04:02.600Z"}
{"level":"info","message":"Job ID: Hk4sScXj- Data: {\"url\":\"http://wingolog.org/archives/2013/05/08/generators-in-v8\"}","timestamp":"2017-09-23T08:04:44.531Z"}
{"level":"info","message":"Job ID: rkBoSqmoW Data: {\"url\":\"http://wingolog.org/archives/2013/05/08/generators-in-v8\"}","timestamp":"2017-09-23T08:04:45.298Z"}
{"level":"info","message":"Received message 1002","timestamp":"2017-09-23T08:04:46.310Z"}
{"level":"info","message":"Received message 924","timestamp":"2017-09-23T08:04:51.311Z"}
{"level":"info","message":"Job ID: ryXarq7sb Data: {\"url\":\"http://wingolog.org/archives/2013/05/08/generators-in-v8\"}","timestamp":"2017-09-23T08:05:15.424Z"}
{"meta":0,"level":"info","message":"Received message","timestamp":"2017-09-23T08:05:18.916Z"}
{"level":"info","message":"Job ID: SkGPIqQiZ Data: {\"url\":\"http://wingolog.org/archives/2013/05/08/generators-in-v8\"}","timestamp":"2017-09-23T08:07:53.920Z"}
{"level":"info","message":"Received message 1.014","timestamp":"2017-09-23T08:07:58.321Z"}
{"level":"info","message":"Job ID: Bk7d8c7s- Data: {\"url\":\"http://wingolog.org/archives/2013/05/08/generators-in-v8\"}","timestamp":"2017-09-23T08:08:11.155Z"}
{"level":"info","message":"Job ID: rkeQOU9Xo- Data: {\"url\":\"http://wingolog.org/archives/2013/05/08/generators-in-v8\"}","timestamp":"2017-09-23T08:08:11.491Z"}
{"level":"info","message":"Received message 1.002","timestamp":"2017-09-23T08:08:13.326Z"}
{"level":"info","message":"Received message 0.892","timestamp":"2017-09-23T08:08:13.331Z"}
{"level":"info","message":"Job ID: Sk-UP5Xib Data: {\"url\":\"http://wingolog.org/archives/2013/05/08/generators-in-v8\"}","timestamp":"2017-09-23T08:11:52.600Z"}
{"level":"info","message":"Received message 0.9","timestamp":"2017-09-23T08:11:55.202Z"}
{"level":"info","message":"Job ID: Bkd8v5Qsb Data: {\"url\":\"http://wingolog.org/archives/2013/05/08/generators-in-v8\"}","timestamp":"2017-09-23T08:11:59.664Z"}
{"level":"info","message":"Job ID: HJgOUPcXjb Data: {\"url\":\"http://wingolog.org/archives/2013/05/08/generators-in-v8\"}","timestamp":"2017-09-23T08:11:59.879Z"}
{"level":"info","message":"Job ID: r1bO8w9mi- Data: {\"url\":\"http://wingolog.org/archives/2013/05/08/generators-in-v8\"}","timestamp":"2017-09-23T08:12:00.041Z"}
{"level":"info","message":"Received message 1.1","timestamp":"2017-09-23T08:12:05.207Z"}
{"level":"info","message":"Received message 0.9","timestamp":"2017-09-23T08:12:05.213Z"}
{"level":"info","message":"Received message 0.9","timestamp":"2017-09-23T08:12:05.218Z"}
{"level":"info","message":"Job ID: SJpfc5Qjb Data: {\"url\":\"http://wingolog.org/archives/2013/05/08/generators-in-v8\"}","timestamp":"2017-09-23T08:23:49.418Z"}
{"level":"info","message":"Job ID: H1AM9cmjb Data: {\"url\":\"http://wingolog.org/archives/2013/05/08/generators-in-v8\"}","timestamp":"2017-09-23T08:23:49.678Z"}
{"level":"info","message":"Job ID: B1eAGqcmi- Data: {\"url\":\"http://wingolog.org/archives/2013/05/08/generators-in-v8\"}","timestamp":"2017-09-23T08:23:49.867Z"}
{"level":"info","message":"Job ID: BkWRz55moW Data: {\"url\":\"http://wingolog.org/archives/2013/05/08/generators-in-v8\"}","timestamp":"2017-09-23T08:23:49.998Z"}
{"level":"info","message":"Received message 1.0","timestamp":"2017-09-23T08:23:53.539Z"}
{"level":"info","message":"Received message 0.9","timestamp":"2017-09-23T08:23:53.543Z"}
{"level":"info","message":"Received message 0.9","timestamp":"2017-09-23T08:23:53.544Z"}
{"level":"info","message":"Received message 1.0","timestamp":"2017-09-23T08:23:53.546Z"}
